2023-04-27 10:42:20.658  INFO [restartedMain] c.e.t.TrainingApplication - Starting TrainingApplication using Java 17.0.6 with PID 7176 (C:\Users\Administrator\eclipse-workspace\Training\target\classes started by Administrator in C:\Users\Administrator\eclipse-workspace\Training)
2023-04-27 10:42:20.666 DEBUG [restartedMain] c.e.t.TrainingApplication - Running with Spring Boot v3.0.5, Spring v6.0.7
2023-04-27 10:42:20.667  INFO [restartedMain] c.e.t.TrainingApplication - No active profile set, falling back to 1 default profile: "default"
2023-04-27 10:42:20.723  INFO [restartedMain] o.s.b.d.e.DevToolsPropertyDefaultsPostProcessor - Devtools property defaults active! Set 'spring.devtools.add-properties' to 'false' to disable
2023-04-27 10:42:20.724  INFO [restartedMain] o.s.b.d.e.DevToolsPropertyDefaultsPostProcessor - For additional web related logging consider setting the 'logging.level.web' property to 'DEBUG'
2023-04-27 10:42:21.400  INFO [restartedMain] o.s.d.r.c.RepositoryConfigurationDelegate - Multiple Spring Data modules found, entering strict repository configuration mode
2023-04-27 10:42:21.402  INFO [restartedMain] o.s.d.r.c.RepositoryConfigurationDelegate - Bootstrapping Spring Data JDBC repositories in DEFAULT mode.
2023-04-27 10:42:21.439  INFO [restartedMain] o.s.d.r.c.RepositoryConfigurationExtensionSupport - Spring Data JDBC - Could not safely identify store assignment for repository candidate interface com.example.training.dao.Gss_employee_Dao; If you want this repository to be a JDBC repository, consider annotating your entities with one of these annotations: org.springframework.data.relational.core.mapping.Table.
2023-04-27 10:42:21.441  INFO [restartedMain] o.s.d.r.c.RepositoryConfigurationExtensionSupport - Spring Data JDBC - Could not safely identify store assignment for repository candidate interface com.example.training.dao.Gss_employee_weekly_budget_Dao; If you want this repository to be a JDBC repository, consider annotating your entities with one of these annotations: org.springframework.data.relational.core.mapping.Table.
2023-04-27 10:42:21.443  INFO [restartedMain] o.s.d.r.c.RepositoryConfigurationExtensionSupport - Spring Data JDBC - Could not safely identify store assignment for repository candidate interface com.example.training.dao.Order_element_Dao; If you want this repository to be a JDBC repository, consider annotating your entities with one of these annotations: org.springframework.data.relational.core.mapping.Table.
2023-04-27 10:42:21.444  INFO [restartedMain] o.s.d.r.c.RepositoryConfigurationExtensionSupport - Spring Data JDBC - Could not safely identify store assignment for repository candidate interface com.example.training.dao.Weekly_budget_Dao; If you want this repository to be a JDBC repository, consider annotating your entities with one of these annotations: org.springframework.data.relational.core.mapping.Table.
2023-04-27 10:42:21.445  INFO [restartedMain] o.s.d.r.c.RepositoryConfigurationDelegate - Finished Spring Data repository scanning in 37 ms. Found 0 JDBC repository interfaces.
2023-04-27 10:42:21.458  INFO [restartedMain] o.s.d.r.c.RepositoryConfigurationDelegate - Multiple Spring Data modules found, entering strict repository configuration mode
2023-04-27 10:42:21.459  INFO [restartedMain] o.s.d.r.c.RepositoryConfigurationDelegate - Bootstrapping Spring Data JPA repositories in DEFAULT mode.
2023-04-27 10:42:21.501  INFO [restartedMain] o.s.d.r.c.RepositoryConfigurationDelegate - Finished Spring Data repository scanning in 38 ms. Found 4 JPA repository interfaces.
2023-04-27 10:42:22.121  INFO [restartedMain] o.s.b.w.e.t.TomcatWebServer - Tomcat initialized with port(s): 8080 (http)
2023-04-27 10:42:22.134  INFO [restartedMain] o.a.c.c.StandardService - Starting service [Tomcat]
2023-04-27 10:42:22.134  INFO [restartedMain] o.a.c.c.StandardEngine - Starting Servlet engine: [Apache Tomcat/10.1.7]
2023-04-27 10:42:22.215  INFO [restartedMain] o.a.c.c.C.[.[.[/] - Initializing Spring embedded WebApplicationContext
2023-04-27 10:42:22.216  INFO [restartedMain] o.s.b.w.s.c.ServletWebServerApplicationContext - Root WebApplicationContext: initialization completed in 1492 ms
2023-04-27 10:42:22.381  INFO [restartedMain] c.z.h.HikariDataSource - HikariPool-1 - Starting...
2023-04-27 10:42:22.690  INFO [restartedMain] c.z.h.p.HikariPool - HikariPool-1 - Added connection com.mysql.cj.jdbc.ConnectionImpl@63d4473f
2023-04-27 10:42:22.693  INFO [restartedMain] c.z.h.HikariDataSource - HikariPool-1 - Start completed.
2023-04-27 10:42:22.735  INFO [restartedMain] o.h.j.i.u.LogHelper - HHH000204: Processing PersistenceUnitInfo [name: default]
2023-04-27 10:42:22.791  INFO [restartedMain] o.h.Version - HHH000412: Hibernate ORM core version 6.1.7.Final
2023-04-27 10:42:23.180  INFO [restartedMain] SQL dialect - HHH000400: Using dialect: org.hibernate.dialect.MySQLDialect
2023-04-27 10:42:23.924  INFO [restartedMain] o.h.e.t.j.p.i.JtaPlatformInitiator - HHH000490: Using JtaPlatform implementation: [org.hibernate.engine.transaction.jta.platform.internal.NoJtaPlatform]
2023-04-27 10:42:23.936  INFO [restartedMain] o.s.o.j.LocalContainerEntityManagerFactoryBean - Initialized JPA EntityManagerFactory for persistence unit 'default'
2023-04-27 10:42:24.523  WARN [restartedMain] o.s.b.a.o.j.JpaBaseConfiguration$JpaWebConfiguration - spring.jpa.open-in-view is enabled by default. Therefore, database queries may be performed during view rendering. Explicitly configure spring.jpa.open-in-view to disable this warning
2023-04-27 10:42:24.894  INFO [restartedMain] o.s.b.d.a.OptionalLiveReloadServer - LiveReload server is running on port 35729
2023-04-27 10:42:24.944  INFO [restartedMain] o.s.b.w.e.t.TomcatWebServer - Tomcat started on port(s): 8080 (http) with context path ''
2023-04-27 10:42:24.956  INFO [restartedMain] c.e.t.TrainingApplication - Started TrainingApplication in 4.736 seconds (process running for 5.88)
2023-04-27 10:45:05.469  INFO [RMI TCP Connection(12)-127.0.0.1] o.s.b.a.SpringApplicationAdminMXBeanRegistrar$SpringApplicationAdmin - Application shutdown requested.
2023-04-27 10:45:05.483  INFO [RMI TCP Connection(12)-127.0.0.1] o.a.c.c.StandardService - Stopping service [Tomcat]
2023-04-27 10:45:05.493  INFO [RMI TCP Connection(12)-127.0.0.1] o.s.o.j.LocalContainerEntityManagerFactoryBean - Closing JPA EntityManagerFactory for persistence unit 'default'
2023-04-27 10:45:05.497  INFO [RMI TCP Connection(12)-127.0.0.1] c.z.h.HikariDataSource - HikariPool-1 - Shutdown initiated...
2023-04-27 10:45:05.510  INFO [RMI TCP Connection(12)-127.0.0.1] c.z.h.HikariDataSource - HikariPool-1 - Shutdown completed.
